<?xml version="1.0" encoding="UTF-8"?>
<!-- Generated by org.testng.reporters.JUnitReportReporter -->
<testsuite hostname="LAPTOP-74RV6CNN" failures="0" tests="1" name="com.site.test.LoginPage" time="10.045" errors="0" timestamp="2022-01-03T20:12:54 IST" skipped="0">
  <testcase classname="com.site.test.LoginPage" name="loginCase" time="10.045"/>
  <system-out/>
</testsuite> <!-- com.site.test.LoginPage -->
