<?xml version="1.0" encoding="UTF-8"?>
<!-- Generated by org.testng.reporters.JUnitReportReporter -->
<testsuite hostname="LAPTOP-74RV6CNN" failures="0" tests="1" name="com.site.test.LoginPage" time="11.764" errors="0" timestamp="2021-12-29T23:16:16 IST" skipped="0">
  <testcase classname="com.site.test.LoginPage" name="loginCase" time="11.764"/>
  <system-out/>
</testsuite> <!-- com.site.test.LoginPage -->
